<?xml version="1.0" encoding="UTF-8"?>
<!-- Generated by org.testng.reporters.JUnitReportReporter -->
<testsuite hostname="Sunil-Kumar" name="ffmaven.ffa.AppTest" tests="1" failures="0" timestamp="22 Aug 2016 17:08:05 GMT" time="61.706" errors="0">
  <testcase name="testApp" time="61.706" classname="ffmaven.ffa.AppTest"/>
</testsuite> <!-- ffmaven.ffa.AppTest -->
